2018-12-05 09:09:12,145 [Worker-1] INFO  o.e.m.c.i.l.LifecycleMappingFactory - Using org.eclipse.m2e.jdt.JarLifecycleMapping lifecycle mapping for MavenProject: ng.com.example:Ngdemo:0.0.1-SNAPSHOT @ E:\Angular\AngularC\Ng_RestService\Ngdemo\pom.xml.
2018-12-05 09:09:16,387 [Worker-1] INFO  o.e.m.j.i.AbstractJavaProjectConfigurator - Adding source folder /Ngdemo/src/main/java
2018-12-05 09:09:16,388 [Worker-1] INFO  o.e.m.j.i.AbstractJavaProjectConfigurator - Adding resource folder /Ngdemo/src/main/resources
2018-12-05 09:09:16,392 [Worker-1] INFO  o.e.m.j.i.AbstractJavaProjectConfigurator - Adding resource folder /Ngdemo/src/main/resources
2018-12-05 09:09:16,397 [Worker-1] INFO  o.e.m.j.i.AbstractJavaProjectConfigurator - Adding source folder /Ngdemo/src/test/java
2018-12-05 09:09:17,010 [Worker-1] INFO  o.e.m.c.i.p.ProjectConfigurationManager - Imported and configured 1 project(s) in 11 sec
2018-12-05 09:09:19,282 [Worker-1] INFO  o.e.m.c.i.embedder.EclipseLogger - Using 'UTF-8' encoding to copy filtered resources.
2018-12-05 09:09:19,287 [Worker-1] INFO  o.e.m.c.i.embedder.EclipseLogger - Copying 1 resource
2018-12-05 09:09:19,299 [Worker-1] INFO  o.e.m.c.i.embedder.EclipseLogger - Copying 0 resource
2018-12-05 09:09:19,302 [Worker-1] INFO  o.e.m.c.i.embedder.EclipseLogger - Using 'UTF-8' encoding to copy filtered resources.
2018-12-05 09:09:19,302 [Worker-1] INFO  o.e.m.c.i.embedder.EclipseLogger - skip non existing resourceDirectory E:\Angular\AngularC\Ng_RestService\Ngdemo\src\test\resources
2018-12-05 09:09:20,784 [Worker-0] INFO  o.e.m.c.i.embedder.EclipseLogger - Using 'UTF-8' encoding to copy filtered resources.
2018-12-05 09:09:20,786 [Worker-0] INFO  o.e.m.c.i.embedder.EclipseLogger - Copying 0 resource
2018-12-05 09:09:20,786 [Worker-0] INFO  o.e.m.c.i.embedder.EclipseLogger - Copying 0 resource
2018-12-05 09:09:20,788 [Worker-0] INFO  o.e.m.c.i.embedder.EclipseLogger - Using 'UTF-8' encoding to copy filtered resources.
2018-12-05 09:09:20,788 [Worker-0] INFO  o.e.m.c.i.embedder.EclipseLogger - skip non existing resourceDirectory E:\Angular\AngularC\Ng_RestService\Ngdemo\src\test\resources
2018-12-05 09:09:52,675 [Worker-3] INFO  o.e.m.c.i.embedder.EclipseLogger - Using 'UTF-8' encoding to copy filtered resources.
2018-12-05 09:09:52,677 [Worker-3] INFO  o.e.m.c.i.embedder.EclipseLogger - Copying 1 resource
2018-12-05 09:09:52,678 [Worker-3] INFO  o.e.m.c.i.embedder.EclipseLogger - Copying 0 resource
2018-12-05 09:09:52,679 [Worker-3] INFO  o.e.m.c.i.embedder.EclipseLogger - Using 'UTF-8' encoding to copy filtered resources.
2018-12-05 09:09:52,680 [Worker-3] INFO  o.e.m.c.i.embedder.EclipseLogger - skip non existing resourceDirectory E:\Angular\AngularC\Ng_RestService\Ngdemo\src\test\resources
2018-12-05 09:10:38,913 [Worker-4] INFO  o.e.m.c.i.embedder.EclipseLogger - Using 'UTF-8' encoding to copy filtered resources.
2018-12-05 09:10:38,914 [Worker-4] INFO  o.e.m.c.i.embedder.EclipseLogger - Copying 1 resource
2018-12-05 09:10:38,917 [Worker-4] INFO  o.e.m.c.i.embedder.EclipseLogger - Copying 0 resource
2018-12-05 09:10:38,919 [Worker-4] INFO  o.e.m.c.i.embedder.EclipseLogger - Using 'UTF-8' encoding to copy filtered resources.
2018-12-05 09:10:38,919 [Worker-4] INFO  o.e.m.c.i.embedder.EclipseLogger - skip non existing resourceDirectory E:\Angular\AngularC\Ng_RestService\Ngdemo\src\test\resources
2018-12-05 10:44:52,681 [Worker-18] INFO  o.e.m.c.i.embedder.EclipseLogger - Using 'UTF-8' encoding to copy filtered resources.
2018-12-05 10:44:52,689 [Worker-18] INFO  o.e.m.c.i.embedder.EclipseLogger - Copying 1 resource
2018-12-05 10:44:52,692 [Worker-18] INFO  o.e.m.c.i.embedder.EclipseLogger - Copying 0 resource
2018-12-05 10:44:52,698 [Worker-18] INFO  o.e.m.c.i.embedder.EclipseLogger - Using 'UTF-8' encoding to copy filtered resources.
2018-12-05 10:44:52,698 [Worker-18] INFO  o.e.m.c.i.embedder.EclipseLogger - skip non existing resourceDirectory E:\Angular\AngularC\Ng_RestService\Ngdemo\src\test\resources
2018-12-05 10:44:55,618 [Worker-21] INFO  o.e.m.c.i.embedder.EclipseLogger - Using 'UTF-8' encoding to copy filtered resources.
2018-12-05 10:44:55,619 [Worker-21] INFO  o.e.m.c.i.embedder.EclipseLogger - Copying 1 resource
2018-12-05 10:44:55,621 [Worker-21] INFO  o.e.m.c.i.embedder.EclipseLogger - Copying 0 resource
2018-12-05 10:44:55,624 [Worker-21] INFO  o.e.m.c.i.embedder.EclipseLogger - Using 'UTF-8' encoding to copy filtered resources.
2018-12-05 10:44:55,624 [Worker-21] INFO  o.e.m.c.i.embedder.EclipseLogger - skip non existing resourceDirectory E:\Angular\AngularC\Ng_RestService\Ngdemo\src\test\resources
2018-12-05 10:46:19,208 [Worker-22] INFO  o.e.m.c.i.embedder.EclipseLogger - Using 'UTF-8' encoding to copy filtered resources.
2018-12-05 10:46:19,212 [Worker-22] INFO  o.e.m.c.i.embedder.EclipseLogger - Copying 1 resource
2018-12-05 10:46:19,217 [Worker-22] INFO  o.e.m.c.i.embedder.EclipseLogger - Copying 0 resource
2018-12-05 10:46:19,224 [Worker-22] INFO  o.e.m.c.i.embedder.EclipseLogger - Using 'UTF-8' encoding to copy filtered resources.
2018-12-05 10:46:19,225 [Worker-22] INFO  o.e.m.c.i.embedder.EclipseLogger - skip non existing resourceDirectory E:\Angular\AngularC\Ng_RestService\Ngdemo\src\test\resources
2018-12-05 10:46:27,474 [Worker-14] INFO  o.e.m.c.i.embedder.EclipseLogger - Using 'UTF-8' encoding to copy filtered resources.
2018-12-05 10:46:27,475 [Worker-14] INFO  o.e.m.c.i.embedder.EclipseLogger - Copying 1 resource
2018-12-05 10:46:27,477 [Worker-14] INFO  o.e.m.c.i.embedder.EclipseLogger - Copying 0 resource
2018-12-05 10:46:27,482 [Worker-14] INFO  o.e.m.c.i.embedder.EclipseLogger - Using 'UTF-8' encoding to copy filtered resources.
2018-12-05 10:46:27,483 [Worker-14] INFO  o.e.m.c.i.embedder.EclipseLogger - skip non existing resourceDirectory E:\Angular\AngularC\Ng_RestService\Ngdemo\src\test\resources
2018-12-05 10:46:36,671 [Worker-18] INFO  o.e.m.c.i.embedder.EclipseLogger - Using 'UTF-8' encoding to copy filtered resources.
2018-12-05 10:46:36,672 [Worker-18] INFO  o.e.m.c.i.embedder.EclipseLogger - Copying 1 resource
2018-12-05 10:46:36,673 [Worker-18] INFO  o.e.m.c.i.embedder.EclipseLogger - Copying 0 resource
2018-12-05 10:46:36,675 [Worker-18] INFO  o.e.m.c.i.embedder.EclipseLogger - Using 'UTF-8' encoding to copy filtered resources.
2018-12-05 10:46:36,675 [Worker-18] INFO  o.e.m.c.i.embedder.EclipseLogger - skip non existing resourceDirectory E:\Angular\AngularC\Ng_RestService\Ngdemo\src\test\resources
2018-12-05 10:46:46,824 [Worker-22] INFO  o.e.m.c.i.embedder.EclipseLogger - Using 'UTF-8' encoding to copy filtered resources.
2018-12-05 10:46:46,826 [Worker-22] INFO  o.e.m.c.i.embedder.EclipseLogger - Copying 1 resource
2018-12-05 10:46:46,831 [Worker-22] INFO  o.e.m.c.i.embedder.EclipseLogger - Copying 0 resource
2018-12-05 10:46:46,834 [Worker-22] INFO  o.e.m.c.i.embedder.EclipseLogger - Using 'UTF-8' encoding to copy filtered resources.
2018-12-05 10:46:46,834 [Worker-22] INFO  o.e.m.c.i.embedder.EclipseLogger - skip non existing resourceDirectory E:\Angular\AngularC\Ng_RestService\Ngdemo\src\test\resources
2018-12-05 10:47:08,767 [Worker-16] INFO  o.e.m.c.i.embedder.EclipseLogger - Using 'UTF-8' encoding to copy filtered resources.
2018-12-05 10:47:08,768 [Worker-16] INFO  o.e.m.c.i.embedder.EclipseLogger - Copying 1 resource
2018-12-05 10:47:08,770 [Worker-16] INFO  o.e.m.c.i.embedder.EclipseLogger - Copying 0 resource
2018-12-05 10:47:08,772 [Worker-16] INFO  o.e.m.c.i.embedder.EclipseLogger - Using 'UTF-8' encoding to copy filtered resources.
2018-12-05 10:47:08,773 [Worker-16] INFO  o.e.m.c.i.embedder.EclipseLogger - skip non existing resourceDirectory E:\Angular\AngularC\Ng_RestService\Ngdemo\src\test\resources
2018-12-05 10:47:20,166 [Worker-16] INFO  o.e.m.c.i.embedder.EclipseLogger - Using 'UTF-8' encoding to copy filtered resources.
2018-12-05 10:47:20,167 [Worker-16] INFO  o.e.m.c.i.embedder.EclipseLogger - Copying 1 resource
2018-12-05 10:47:20,170 [Worker-16] INFO  o.e.m.c.i.embedder.EclipseLogger - Copying 0 resource
2018-12-05 10:47:20,173 [Worker-16] INFO  o.e.m.c.i.embedder.EclipseLogger - Using 'UTF-8' encoding to copy filtered resources.
2018-12-05 10:47:20,173 [Worker-16] INFO  o.e.m.c.i.embedder.EclipseLogger - skip non existing resourceDirectory E:\Angular\AngularC\Ng_RestService\Ngdemo\src\test\resources
2018-12-05 10:47:22,554 [Worker-23] INFO  o.e.m.c.i.embedder.EclipseLogger - Using 'UTF-8' encoding to copy filtered resources.
2018-12-05 10:47:22,555 [Worker-23] INFO  o.e.m.c.i.embedder.EclipseLogger - Copying 1 resource
2018-12-05 10:47:22,557 [Worker-23] INFO  o.e.m.c.i.embedder.EclipseLogger - Copying 0 resource
2018-12-05 10:47:22,559 [Worker-23] INFO  o.e.m.c.i.embedder.EclipseLogger - Using 'UTF-8' encoding to copy filtered resources.
2018-12-05 10:47:22,559 [Worker-23] INFO  o.e.m.c.i.embedder.EclipseLogger - skip non existing resourceDirectory E:\Angular\AngularC\Ng_RestService\Ngdemo\src\test\resources
2018-12-05 10:48:37,927 [Worker-22] INFO  o.e.m.c.i.embedder.EclipseLogger - Using 'UTF-8' encoding to copy filtered resources.
2018-12-05 10:48:37,928 [Worker-22] INFO  o.e.m.c.i.embedder.EclipseLogger - Copying 1 resource
2018-12-05 10:48:37,930 [Worker-22] INFO  o.e.m.c.i.embedder.EclipseLogger - Copying 0 resource
2018-12-05 10:48:37,932 [Worker-22] INFO  o.e.m.c.i.embedder.EclipseLogger - Using 'UTF-8' encoding to copy filtered resources.
2018-12-05 10:48:37,933 [Worker-22] INFO  o.e.m.c.i.embedder.EclipseLogger - skip non existing resourceDirectory E:\Angular\AngularC\Ng_RestService\Ngdemo\src\test\resources
2018-12-05 10:49:06,380 [Worker-23] INFO  o.e.m.c.i.embedder.EclipseLogger - Using 'UTF-8' encoding to copy filtered resources.
2018-12-05 10:49:06,381 [Worker-23] INFO  o.e.m.c.i.embedder.EclipseLogger - Copying 1 resource
2018-12-05 10:49:06,382 [Worker-23] INFO  o.e.m.c.i.embedder.EclipseLogger - Copying 0 resource
2018-12-05 10:49:06,385 [Worker-23] INFO  o.e.m.c.i.embedder.EclipseLogger - Using 'UTF-8' encoding to copy filtered resources.
2018-12-05 10:49:06,386 [Worker-23] INFO  o.e.m.c.i.embedder.EclipseLogger - skip non existing resourceDirectory E:\Angular\AngularC\Ng_RestService\Ngdemo\src\test\resources
2018-12-05 10:50:09,907 [Worker-14] INFO  o.e.m.c.i.embedder.EclipseLogger - Using 'UTF-8' encoding to copy filtered resources.
2018-12-05 10:50:09,908 [Worker-14] INFO  o.e.m.c.i.embedder.EclipseLogger - Copying 1 resource
2018-12-05 10:50:09,909 [Worker-14] INFO  o.e.m.c.i.embedder.EclipseLogger - Copying 0 resource
2018-12-05 10:50:09,911 [Worker-14] INFO  o.e.m.c.i.embedder.EclipseLogger - Using 'UTF-8' encoding to copy filtered resources.
2018-12-05 10:50:09,911 [Worker-14] INFO  o.e.m.c.i.embedder.EclipseLogger - skip non existing resourceDirectory E:\Angular\AngularC\Ng_RestService\Ngdemo\src\test\resources
2018-12-05 10:50:32,883 [Worker-16] INFO  o.e.m.c.i.embedder.EclipseLogger - Using 'UTF-8' encoding to copy filtered resources.
2018-12-05 10:50:32,884 [Worker-16] INFO  o.e.m.c.i.embedder.EclipseLogger - Copying 1 resource
2018-12-05 10:50:32,885 [Worker-16] INFO  o.e.m.c.i.embedder.EclipseLogger - Copying 0 resource
2018-12-05 10:50:32,888 [Worker-16] INFO  o.e.m.c.i.embedder.EclipseLogger - Using 'UTF-8' encoding to copy filtered resources.
2018-12-05 10:50:32,888 [Worker-16] INFO  o.e.m.c.i.embedder.EclipseLogger - skip non existing resourceDirectory E:\Angular\AngularC\Ng_RestService\Ngdemo\src\test\resources
2018-12-05 10:51:29,816 [Worker-14] INFO  o.e.m.c.i.embedder.EclipseLogger - Using 'UTF-8' encoding to copy filtered resources.
2018-12-05 10:51:29,817 [Worker-14] INFO  o.e.m.c.i.embedder.EclipseLogger - Copying 1 resource
2018-12-05 10:51:29,818 [Worker-14] INFO  o.e.m.c.i.embedder.EclipseLogger - Copying 0 resource
2018-12-05 10:51:29,822 [Worker-14] INFO  o.e.m.c.i.embedder.EclipseLogger - Using 'UTF-8' encoding to copy filtered resources.
2018-12-05 10:51:29,823 [Worker-14] INFO  o.e.m.c.i.embedder.EclipseLogger - skip non existing resourceDirectory E:\Angular\AngularC\Ng_RestService\Ngdemo\src\test\resources
2018-12-05 10:51:44,295 [Worker-16] INFO  o.e.m.c.i.embedder.EclipseLogger - Using 'UTF-8' encoding to copy filtered resources.
2018-12-05 10:51:44,296 [Worker-16] INFO  o.e.m.c.i.embedder.EclipseLogger - Copying 1 resource
2018-12-05 10:51:44,298 [Worker-16] INFO  o.e.m.c.i.embedder.EclipseLogger - Copying 0 resource
2018-12-05 10:51:44,300 [Worker-16] INFO  o.e.m.c.i.embedder.EclipseLogger - Using 'UTF-8' encoding to copy filtered resources.
2018-12-05 10:51:44,300 [Worker-16] INFO  o.e.m.c.i.embedder.EclipseLogger - skip non existing resourceDirectory E:\Angular\AngularC\Ng_RestService\Ngdemo\src\test\resources
2018-12-05 10:51:47,276 [Worker-22] INFO  o.e.m.c.i.embedder.EclipseLogger - Using 'UTF-8' encoding to copy filtered resources.
2018-12-05 10:51:47,277 [Worker-22] INFO  o.e.m.c.i.embedder.EclipseLogger - Copying 1 resource
2018-12-05 10:51:47,278 [Worker-22] INFO  o.e.m.c.i.embedder.EclipseLogger - Copying 0 resource
2018-12-05 10:51:47,279 [Worker-22] INFO  o.e.m.c.i.embedder.EclipseLogger - Using 'UTF-8' encoding to copy filtered resources.
2018-12-05 10:51:47,280 [Worker-22] INFO  o.e.m.c.i.embedder.EclipseLogger - skip non existing resourceDirectory E:\Angular\AngularC\Ng_RestService\Ngdemo\src\test\resources
